2026-02-07 14:28:24,015 - INFO - Using sample data (set use_apis=True for real data)...
2026-02-07 14:28:24,015 - INFO - Generating sample leads...
2026-02-07 14:33:52,565 - INFO - Using Apollo.io API...
2026-02-07 14:33:53,708 - ERROR - Apollo API error: 403
2026-02-07 14:33:53,710 - INFO - ✓ Apollo.io: 0 leads
2026-02-07 14:33:53,734 - ERROR - Pipeline failed: division by zero
2026-02-07 14:39:54,764 - INFO - Using Apollo.io API...
2026-02-07 14:39:55,152 - ERROR - Apollo API error: 403
2026-02-07 14:39:55,153 - INFO - ✓ Apollo.io: 0 leads
2026-02-07 14:39:55,153 - ERROR - Pipeline failed: division by zero
2026-02-07 14:40:28,029 - INFO - Running manual scrapers...
2026-02-07 14:40:28,029 - INFO - Scraping Product Hunt RSS feed...
2026-02-07 14:40:29,282 - INFO - Found 50 entries in RSS feed
2026-02-07 14:40:29,306 - INFO - Successfully scraped 50 leads from Product Hunt
2026-02-07 14:40:29,307 - INFO - Adding sample data for demonstration...
2026-02-07 14:40:29,307 - INFO - Generating sample leads...
2026-02-07 14:41:19,695 - INFO - Running manual scrapers...
2026-02-07 14:41:19,696 - INFO - Scraping Product Hunt RSS feed...
2026-02-07 14:41:19,759 - INFO - Found 50 entries in RSS feed
2026-02-07 14:41:19,791 - INFO - Successfully scraped 50 leads from Product Hunt
2026-02-07 14:41:19,792 - INFO - Adding sample data for demonstration...
2026-02-07 14:41:19,793 - INFO - Generating sample leads...
2026-02-07 14:41:40,264 - INFO - Running manual scrapers...
2026-02-07 14:41:40,264 - INFO - Scraping Product Hunt RSS feed...
2026-02-07 14:41:41,540 - INFO - Found 50 entries in RSS feed
2026-02-07 14:41:41,563 - INFO - Successfully scraped 50 leads from Product Hunt
2026-02-07 14:41:41,564 - INFO - Adding sample data for demonstration...
2026-02-07 14:41:41,565 - INFO - Generating sample leads...
2026-02-07 14:42:45,079 - INFO - Running manual scrapers...
2026-02-07 14:42:45,079 - INFO - Scraping Product Hunt RSS feed...
2026-02-07 14:42:46,310 - INFO - Found 50 entries in RSS feed
2026-02-07 14:42:46,336 - INFO - Successfully scraped 50 leads from Product Hunt
2026-02-07 14:42:46,338 - INFO - Adding sample data for demonstration...
2026-02-07 14:42:46,338 - INFO - Generating sample leads...
